The system is: Linux - 5.15.85-1-MANJARO - x86_64
Compiling the C compiler identification source file "CMakeCCompilerId.c" succeeded.
Compiler: /usr/bin/cc 
Build flags: ;-ffunction-sections;-fdata-sections;-fPIC;-m64
Id flags:  

The output was:
0


Compilation of the C compiler identification source "CMakeCCompilerId.c" produced "a.out"

The C compiler identification is GNU, found in "/home/mustafa/mii-labs/target/debug/build/glfw-sys-eeb4b8080bb58d09/out/build/CMakeFiles/3.25.1/CompilerIdC/a.out"

Detecting C compiler ABI info compiled with the following output:
Change Dir: /home/mustafa/mii-labs/target/debug/build/glfw-sys-eeb4b8080bb58d09/out/build/CMakeFiles/CMakeScratch/TryCompile-JHahaF

Run Build Command(s):/usr/bin/make -f Makefile cmTC_bf231/fast && /usr/bin/make  -f CMakeFiles/cmTC_bf231.dir/build.make CMakeFiles/cmTC_bf231.dir/build
make[1]: Entering directory '/home/mustafa/mii-labs/target/debug/build/glfw-sys-eeb4b8080bb58d09/out/build/CMakeFiles/CMakeScratch/TryCompile-JHahaF'
Building C object CMakeFiles/cmTC_bf231.dir/CMakeCCompilerABI.c.o
/usr/bin/cc   -ffunction-sections -fdata-sections -fPIC -m64    -v -o CMakeFiles/cmTC_bf231.dir/CMakeCCompilerABI.c.o -c /usr/share/cmake/Modules/CMakeCCompilerABI.c
Using built-in specs.
COLLECT_GCC=/usr/bin/cc
Target: x86_64-pc-linux-gnu
Configured with: /build/gcc/src/gcc/configure --enable-languages=c,c++,ada,fortran,go,lto,objc,obj-c++,d --enable-bootstrap --prefix=/usr --libdir=/usr/lib --libexecdir=/usr/lib --mandir=/usr/share/man --infodir=/usr/share/info --with-bugurl=https://bugs.archlinux.org/ --with-build-config=bootstrap-lto --with-linker-hash-style=gnu --with-system-zlib --enable-__cxa_atexit --enable-cet=auto --enable-checking=release --enable-clocale=gnu --enable-default-pie --enable-default-ssp --enable-gnu-indirect-function --enable-gnu-unique-object --enable-libstdcxx-backtrace --enable-link-serialization=1 --enable-linker-build-id --enable-lto --enable-multilib --enable-plugin --enable-shared --enable-threads=posix --disable-libssp --disable-libstdcxx-pch --disable-werror
Thread model: posix
Supported LTO compression algorithms: zlib zstd
gcc version 12.2.0 (GCC) 
COLLECT_GCC_OPTIONS='-ffunction-sections' '-fdata-sections' '-fPIC' '-m64' '-v' '-o' 'CMakeFiles/cmTC_bf231.dir/CMakeCCompilerABI.c.o' '-c' '-mtune=generic' '-march=x86-64' '-dumpdir' 'CMakeFiles/cmTC_bf231.dir/'
 /usr/lib/gcc/x86_64-pc-linux-gnu/12.2.0/cc1 -quiet -v /usr/share/cmake/Modules/CMakeCCompilerABI.c -quiet -dumpdir CMakeFiles/cmTC_bf231.dir/ -dumpbase CMakeCCompilerABI.c.c -dumpbase-ext .c -m64 -mtune=generic -march=x86-64 -version -ffunction-sections -fdata-sections -fPIC -o /tmp/ccRiGFDe.s
GNU C17 (GCC) version 12.2.0 (x86_64-pc-linux-gnu)
	compiled by GNU C version 12.2.0, GMP version 6.2.1, MPFR version 4.1.0-p13, MPC version 1.2.1, isl version isl-0.25-GMP

warning: MPFR header version 4.1.0-p13 differs from library version 4.1.1-p1.
warning: MPC header version 1.2.1 differs from library version 1.3.1.
GGC heuristics: --param ggc-min-expand=100 --param ggc-min-heapsize=131072
ignoring nonexistent directory "/usr/lib/gcc/x86_64-pc-linux-gnu/12.2.0/../../../../x86_64-pc-linux-gnu/include"
#include "..." search starts here:
#include <...> search starts here:
 /usr/lib/gcc/x86_64-pc-linux-gnu/12.2.0/include
 /usr/local/include
 /usr/lib/gcc/x86_64-pc-linux-gnu/12.2.0/include-fixed
 /usr/include
End of search list.
GNU C17 (GCC) version 12.2.0 (x86_64-pc-linux-gnu)
	compiled by GNU C version 12.2.0, GMP version 6.2.1, MPFR version 4.1.0-p13, MPC version 1.2.1, isl version isl-0.25-GMP

warning: MPFR header version 4.1.0-p13 differs from library version 4.1.1-p1.
warning: MPC header version 1.2.1 differs from library version 1.3.1.
GGC heuristics: --param ggc-min-expand=100 --param ggc-min-heapsize=131072
Compiler executable checksum: 4b798a352742e8322eaa4a166b8f6299
COLLECT_GCC_OPTIONS='-ffunction-sections' '-fdata-sections' '-fPIC' '-m64' '-v' '-o' 'CMakeFiles/cmTC_bf231.dir/CMakeCCompilerABI.c.o' '-c' '-mtune=generic' '-march=x86-64' '-dumpdir' 'CMakeFiles/cmTC_bf231.dir/'
 as -v --64 -o CMakeFiles/cmTC_bf231.dir/CMakeCCompilerABI.c.o /tmp/ccRiGFDe.s
GNU assembler version 2.39.0 (x86_64-pc-linux-gnu) using BFD version (GNU Binutils) 2.39.0
COMPILER_PATH=/usr/lib/gcc/x86_64-pc-linux-gnu/12.2.0/:/usr/lib/gcc/x86_64-pc-linux-gnu/12.2.0/:/usr/lib/gcc/x86_64-pc-linux-gnu/:/usr/lib/gcc/x86_64-pc-linux-gnu/12.2.0/:/usr/lib/gcc/x86_64-pc-linux-gnu/
LIBRARY_PATH=/usr/lib/gcc/x86_64-pc-linux-gnu/12.2.0/:/usr/lib/gcc/x86_64-pc-linux-gnu/12.2.0/../../../../lib/:/lib/../lib/:/usr/lib/../lib/:/usr/lib/gcc/x86_64-pc-linux-gnu/12.2.0/../../../:/lib/:/usr/lib/
COLLECT_GCC_OPTIONS='-ffunction-sections' '-fdata-sections' '-fPIC' '-m64' '-v' '-o' 'CMakeFiles/cmTC_bf231.dir/CMakeCCompilerABI.c.o' '-c' '-mtune=generic' '-march=x86-64' '-dumpdir' 'CMakeFiles/cmTC_bf231.dir/CMakeCCompilerABI.c.'
Linking C executable cmTC_bf231
/usr/bin/cmake -E cmake_link_script CMakeFiles/cmTC_bf231.dir/link.txt --verbose=1
/usr/bin/cc  -ffunction-sections -fdata-sections -fPIC -m64   -v CMakeFiles/cmTC_bf231.dir/CMakeCCompilerABI.c.o -o cmTC_bf231 
Using built-in specs.
COLLECT_GCC=/usr/bin/cc
COLLECT_LTO_WRAPPER=/usr/lib/gcc/x86_64-pc-linux-gnu/12.2.0/lto-wrapper
Target: x86_64-pc-linux-gnu
Configured with: /build/gcc/src/gcc/configure --enable-languages=c,c++,ada,fortran,go,lto,objc,obj-c++,d --enable-bootstrap --prefix=/usr --libdir=/usr/lib --libexecdir=/usr/lib --mandir=/usr/share/man --infodir=/usr/share/info --with-bugurl=https://bugs.archlinux.org/ --with-build-config=bootstrap-lto --with-linker-hash-style=gnu --with-system-zlib --enable-__cxa_atexit --enable-cet=auto --enable-checking=release --enable-clocale=gnu --enable-default-pie --enable-default-ssp --enable-gnu-indirect-function --enable-gnu-unique-object --enable-libstdcxx-backtrace --enable-link-serialization=1 --enable-linker-build-id --enable-lto --enable-multilib --enable-plugin --enable-shared --enable-threads=posix --disable-libssp --disable-libstdcxx-pch --disable-werror
Thread model: posix
Supported LTO compression algorithms: zlib zstd
gcc version 12.2.0 (GCC) 
COMPILER_PATH=/usr/lib/gcc/x86_64-pc-linux-gnu/12.2.0/:/usr/lib/gcc/x86_64-pc-linux-gnu/12.2.0/:/usr/lib/gcc/x86_64-pc-linux-gnu/:/usr/lib/gcc/x86_64-pc-linux-gnu/12.2.0/:/usr/lib/gcc/x86_64-pc-linux-gnu/
LIBRARY_PATH=/usr/lib/gcc/x86_64-pc-linux-gnu/12.2.0/:/usr/lib/gcc/x86_64-pc-linux-gnu/12.2.0/../../../../lib/:/lib/../lib/:/usr/lib/../lib/:/usr/lib/gcc/x86_64-pc-linux-gnu/12.2.0/../../../:/lib/:/usr/lib/
COLLECT_GCC_OPTIONS='-ffunction-sections' '-fdata-sections' '-fPIC' '-m64' '-v' '-o' 'cmTC_bf231' '-mtune=generic' '-march=x86-64' '-dumpdir' 'cmTC_bf231.'
 /usr/lib/gcc/x86_64-pc-linux-gnu/12.2.0/collect2 -plugin /usr/lib/gcc/x86_64-pc-linux-gnu/12.2.0/liblto_plugin.so -plugin-opt=/usr/lib/gcc/x86_64-pc-linux-gnu/12.2.0/lto-wrapper -plugin-opt=-fresolution=/tmp/ccWMHgqM.res -plugin-opt=-pass-through=-lgcc -plugin-opt=-pass-through=-lgcc_s -plugin-opt=-pass-through=-lc -plugin-opt=-pass-through=-lgcc -plugin-opt=-pass-through=-lgcc_s --build-id --eh-frame-hdr --hash-style=gnu -m elf_x86_64 -dynamic-linker /lib64/ld-linux-x86-64.so.2 -pie -o cmTC_bf231 /usr/lib/gcc/x86_64-pc-linux-gnu/12.2.0/../../../../lib/Scrt1.o /usr/lib/gcc/x86_64-pc-linux-gnu/12.2.0/../../../../lib/crti.o /usr/lib/gcc/x86_64-pc-linux-gnu/12.2.0/crtbeginS.o -L/usr/lib/gcc/x86_64-pc-linux-gnu/12.2.0 -L/usr/lib/gcc/x86_64-pc-linux-gnu/12.2.0/../../../../lib -L/lib/../lib -L/usr/lib/../lib -L/usr/lib/gcc/x86_64-pc-linux-gnu/12.2.0/../../.. CMakeFiles/cmTC_bf231.dir/CMakeCCompilerABI.c.o -lgcc --push-state --as-needed -lgcc_s --pop-state -lc -lgcc --push-state --as-needed -lgcc_s --pop-state /usr/lib/gcc/x86_64-pc-linux-gnu/12.2.0/crtendS.o /usr/lib/gcc/x86_64-pc-linux-gnu/12.2.0/../../../../lib/crtn.o
COLLECT_GCC_OPTIONS='-ffunction-sections' '-fdata-sections' '-fPIC' '-m64' '-v' '-o' 'cmTC_bf231' '-mtune=generic' '-march=x86-64' '-dumpdir' 'cmTC_bf231.'
make[1]: Leaving directory '/home/mustafa/mii-labs/target/debug/build/glfw-sys-eeb4b8080bb58d09/out/build/CMakeFiles/CMakeScratch/TryCompile-JHahaF'



Parsed C implicit include dir info from above output: rv=done
  found start of include info
  found start of implicit include info
    add: [/usr/lib/gcc/x86_64-pc-linux-gnu/12.2.0/include]
    add: [/usr/local/include]
    add: [/usr/lib/gcc/x86_64-pc-linux-gnu/12.2.0/include-fixed]
    add: [/usr/include]
  end of search list found
  collapse include dir [/usr/lib/gcc/x86_64-pc-linux-gnu/12.2.0/include] ==> [/usr/lib/gcc/x86_64-pc-linux-gnu/12.2.0/include]
  collapse include dir [/usr/local/include] ==> [/usr/local/include]
  collapse include dir [/usr/lib/gcc/x86_64-pc-linux-gnu/12.2.0/include-fixed] ==> [/usr/lib/gcc/x86_64-pc-linux-gnu/12.2.0/include-fixed]
  collapse include dir [/usr/include] ==> [/usr/include]
  implicit include dirs: [/usr/lib/gcc/x86_64-pc-linux-gnu/12.2.0/include;/usr/local/include;/usr/lib/gcc/x86_64-pc-linux-gnu/12.2.0/include-fixed;/usr/include]


Parsed C implicit link information from above output:
  link line regex: [^( *|.*[/\])(ld|CMAKE_LINK_STARTFILE-NOTFOUND|([^/\]+-)?ld|collect2)[^/\]*( |$)]
  ignore line: [Change Dir: /home/mustafa/mii-labs/target/debug/build/glfw-sys-eeb4b8080bb58d09/out/build/CMakeFiles/CMakeScratch/TryCompile-JHahaF]
  ignore line: []
  ignore line: [Run Build Command(s):/usr/bin/make -f Makefile cmTC_bf231/fast && /usr/bin/make  -f CMakeFiles/cmTC_bf231.dir/build.make CMakeFiles/cmTC_bf231.dir/build]
  ignore line: [make[1]: Entering directory '/home/mustafa/mii-labs/target/debug/build/glfw-sys-eeb4b8080bb58d09/out/build/CMakeFiles/CMakeScratch/TryCompile-JHahaF']
  ignore line: [Building C object CMakeFiles/cmTC_bf231.dir/CMakeCCompilerABI.c.o]
  ignore line: [/usr/bin/cc   -ffunction-sections -fdata-sections -fPIC -m64    -v -o CMakeFiles/cmTC_bf231.dir/CMakeCCompilerABI.c.o -c /usr/share/cmake/Modules/CMakeCCompilerABI.c]
  ignore line: [Using built-in specs.]
  ignore line: [COLLECT_GCC=/usr/bin/cc]
  ignore line: [Target: x86_64-pc-linux-gnu]
  ignore line: [Configured with: /build/gcc/src/gcc/configure --enable-languages=c c++ ada fortran go lto objc obj-c++ d --enable-bootstrap --prefix=/usr --libdir=/usr/lib --libexecdir=/usr/lib --mandir=/usr/share/man --infodir=/usr/share/info --with-bugurl=https://bugs.archlinux.org/ --with-build-config=bootstrap-lto --with-linker-hash-style=gnu --with-system-zlib --enable-__cxa_atexit --enable-cet=auto --enable-checking=release --enable-clocale=gnu --enable-default-pie --enable-default-ssp --enable-gnu-indirect-function --enable-gnu-unique-object --enable-libstdcxx-backtrace --enable-link-serialization=1 --enable-linker-build-id --enable-lto --enable-multilib --enable-plugin --enable-shared --enable-threads=posix --disable-libssp --disable-libstdcxx-pch --disable-werror]
  ignore line: [Thread model: posix]
  ignore line: [Supported LTO compression algorithms: zlib zstd]
  ignore line: [gcc version 12.2.0 (GCC) ]
  ignore line: [COLLECT_GCC_OPTIONS='-ffunction-sections' '-fdata-sections' '-fPIC' '-m64' '-v' '-o' 'CMakeFiles/cmTC_bf231.dir/CMakeCCompilerABI.c.o' '-c' '-mtune=generic' '-march=x86-64' '-dumpdir' 'CMakeFiles/cmTC_bf231.dir/']
  ignore line: [ /usr/lib/gcc/x86_64-pc-linux-gnu/12.2.0/cc1 -quiet -v /usr/share/cmake/Modules/CMakeCCompilerABI.c -quiet -dumpdir CMakeFiles/cmTC_bf231.dir/ -dumpbase CMakeCCompilerABI.c.c -dumpbase-ext .c -m64 -mtune=generic -march=x86-64 -version -ffunction-sections -fdata-sections -fPIC -o /tmp/ccRiGFDe.s]
  ignore line: [GNU C17 (GCC) version 12.2.0 (x86_64-pc-linux-gnu)]
  ignore line: [	compiled by GNU C version 12.2.0  GMP version 6.2.1  MPFR version 4.1.0-p13  MPC version 1.2.1  isl version isl-0.25-GMP]
  ignore line: []
  ignore line: [warning: MPFR header version 4.1.0-p13 differs from library version 4.1.1-p1.]
  ignore line: [warning: MPC header version 1.2.1 differs from library version 1.3.1.]
  ignore line: [GGC heuristics: --param ggc-min-expand=100 --param ggc-min-heapsize=131072]
  ignore line: [ignoring nonexistent directory "/usr/lib/gcc/x86_64-pc-linux-gnu/12.2.0/../../../../x86_64-pc-linux-gnu/include"]
  ignore line: [#include "..." search starts here:]
  ignore line: [#include <...> search starts here:]
  ignore line: [ /usr/lib/gcc/x86_64-pc-linux-gnu/12.2.0/include]
  ignore line: [ /usr/local/include]
  ignore line: [ /usr/lib/gcc/x86_64-pc-linux-gnu/12.2.0/include-fixed]
  ignore line: [ /usr/include]
  ignore line: [End of search list.]
  ignore line: [GNU C17 (GCC) version 12.2.0 (x86_64-pc-linux-gnu)]
  ignore line: [	compiled by GNU C version 12.2.0  GMP version 6.2.1  MPFR version 4.1.0-p13  MPC version 1.2.1  isl version isl-0.25-GMP]
  ignore line: []
  ignore line: [warning: MPFR header version 4.1.0-p13 differs from library version 4.1.1-p1.]
  ignore line: [warning: MPC header version 1.2.1 differs from library version 1.3.1.]
  ignore line: [GGC heuristics: --param ggc-min-expand=100 --param ggc-min-heapsize=131072]
  ignore line: [Compiler executable checksum: 4b798a352742e8322eaa4a166b8f6299]
  ignore line: [COLLECT_GCC_OPTIONS='-ffunction-sections' '-fdata-sections' '-fPIC' '-m64' '-v' '-o' 'CMakeFiles/cmTC_bf231.dir/CMakeCCompilerABI.c.o' '-c' '-mtune=generic' '-march=x86-64' '-dumpdir' 'CMakeFiles/cmTC_bf231.dir/']
  ignore line: [ as -v --64 -o CMakeFiles/cmTC_bf231.dir/CMakeCCompilerABI.c.o /tmp/ccRiGFDe.s]
  ignore line: [GNU assembler version 2.39.0 (x86_64-pc-linux-gnu) using BFD version (GNU Binutils) 2.39.0]
  ignore line: [COMPILER_PATH=/usr/lib/gcc/x86_64-pc-linux-gnu/12.2.0/:/usr/lib/gcc/x86_64-pc-linux-gnu/12.2.0/:/usr/lib/gcc/x86_64-pc-linux-gnu/:/usr/lib/gcc/x86_64-pc-linux-gnu/12.2.0/:/usr/lib/gcc/x86_64-pc-linux-gnu/]
  ignore line: [LIBRARY_PATH=/usr/lib/gcc/x86_64-pc-linux-gnu/12.2.0/:/usr/lib/gcc/x86_64-pc-linux-gnu/12.2.0/../../../../lib/:/lib/../lib/:/usr/lib/../lib/:/usr/lib/gcc/x86_64-pc-linux-gnu/12.2.0/../../../:/lib/:/usr/lib/]
  ignore line: [COLLECT_GCC_OPTIONS='-ffunction-sections' '-fdata-sections' '-fPIC' '-m64' '-v' '-o' 'CMakeFiles/cmTC_bf231.dir/CMakeCCompilerABI.c.o' '-c' '-mtune=generic' '-march=x86-64' '-dumpdir' 'CMakeFiles/cmTC_bf231.dir/CMakeCCompilerABI.c.']
  ignore line: [Linking C executable cmTC_bf231]
  ignore line: [/usr/bin/cmake -E cmake_link_script CMakeFiles/cmTC_bf231.dir/link.txt --verbose=1]
  ignore line: [/usr/bin/cc  -ffunction-sections -fdata-sections -fPIC -m64   -v CMakeFiles/cmTC_bf231.dir/CMakeCCompilerABI.c.o -o cmTC_bf231 ]
  ignore line: [Using built-in specs.]
  ignore line: [COLLECT_GCC=/usr/bin/cc]
  ignore line: [COLLECT_LTO_WRAPPER=/usr/lib/gcc/x86_64-pc-linux-gnu/12.2.0/lto-wrapper]
  ignore line: [Target: x86_64-pc-linux-gnu]
  ignore line: [Configured with: /build/gcc/src/gcc/configure --enable-languages=c c++ ada fortran go lto objc obj-c++ d --enable-bootstrap --prefix=/usr --libdir=/usr/lib --libexecdir=/usr/lib --mandir=/usr/share/man --infodir=/usr/share/info --with-bugurl=https://bugs.archlinux.org/ --with-build-config=bootstrap-lto --with-linker-hash-style=gnu --with-system-zlib --enable-__cxa_atexit --enable-cet=auto --enable-checking=release --enable-clocale=gnu --enable-default-pie --enable-default-ssp --enable-gnu-indirect-function --enable-gnu-unique-object --enable-libstdcxx-backtrace --enable-link-serialization=1 --enable-linker-build-id --enable-lto --enable-multilib --enable-plugin --enable-shared --enable-threads=posix --disable-libssp --disable-libstdcxx-pch --disable-werror]
  ignore line: [Thread model: posix]
  ignore line: [Supported LTO compression algorithms: zlib zstd]
  ignore line: [gcc version 12.2.0 (GCC) ]
  ignore line: [COMPILER_PATH=/usr/lib/gcc/x86_64-pc-linux-gnu/12.2.0/:/usr/lib/gcc/x86_64-pc-linux-gnu/12.2.0/:/usr/lib/gcc/x86_64-pc-linux-gnu/:/usr/lib/gcc/x86_64-pc-linux-gnu/12.2.0/:/usr/lib/gcc/x86_64-pc-linux-gnu/]
  ignore line: [LIBRARY_PATH=/usr/lib/gcc/x86_64-pc-linux-gnu/12.2.0/:/usr/lib/gcc/x86_64-pc-linux-gnu/12.2.0/../../../../lib/:/lib/../lib/:/usr/lib/../lib/:/usr/lib/gcc/x86_64-pc-linux-gnu/12.2.0/../../../:/lib/:/usr/lib/]
  ignore line: [COLLECT_GCC_OPTIONS='-ffunction-sections' '-fdata-sections' '-fPIC' '-m64' '-v' '-o' 'cmTC_bf231' '-mtune=generic' '-march=x86-64' '-dumpdir' 'cmTC_bf231.']
  link line: [ /usr/lib/gcc/x86_64-pc-linux-gnu/12.2.0/collect2 -plugin /usr/lib/gcc/x86_64-pc-linux-gnu/12.2.0/liblto_plugin.so -plugin-opt=/usr/lib/gcc/x86_64-pc-linux-gnu/12.2.0/lto-wrapper -plugin-opt=-fresolution=/tmp/ccWMHgqM.res -plugin-opt=-pass-through=-lgcc -plugin-opt=-pass-through=-lgcc_s -plugin-opt=-pass-through=-lc -plugin-opt=-pass-through=-lgcc -plugin-opt=-pass-through=-lgcc_s --build-id --eh-frame-hdr --hash-style=gnu -m elf_x86_64 -dynamic-linker /lib64/ld-linux-x86-64.so.2 -pie -o cmTC_bf231 /usr/lib/gcc/x86_64-pc-linux-gnu/12.2.0/../../../../lib/Scrt1.o /usr/lib/gcc/x86_64-pc-linux-gnu/12.2.0/../../../../lib/crti.o /usr/lib/gcc/x86_64-pc-linux-gnu/12.2.0/crtbeginS.o -L/usr/lib/gcc/x86_64-pc-linux-gnu/12.2.0 -L/usr/lib/gcc/x86_64-pc-linux-gnu/12.2.0/../../../../lib -L/lib/../lib -L/usr/lib/../lib -L/usr/lib/gcc/x86_64-pc-linux-gnu/12.2.0/../../.. CMakeFiles/cmTC_bf231.dir/CMakeCCompilerABI.c.o -lgcc --push-state --as-needed -lgcc_s --pop-state -lc -lgcc --push-state --as-needed -lgcc_s --pop-state /usr/lib/gcc/x86_64-pc-linux-gnu/12.2.0/crtendS.o /usr/lib/gcc/x86_64-pc-linux-gnu/12.2.0/../../../../lib/crtn.o]
    arg [/usr/lib/gcc/x86_64-pc-linux-gnu/12.2.0/collect2] ==> ignore
    arg [-plugin] ==> ignore
    arg [/usr/lib/gcc/x86_64-pc-linux-gnu/12.2.0/liblto_plugin.so] ==> ignore
    arg [-plugin-opt=/usr/lib/gcc/x86_64-pc-linux-gnu/12.2.0/lto-wrapper] ==> ignore
    arg [-plugin-opt=-fresolution=/tmp/ccWMHgqM.res] ==> ignore
    arg [-plugin-opt=-pass-through=-lgcc] ==> ignore
    arg [-plugin-opt=-pass-through=-lgcc_s] ==> ignore
    arg [-plugin-opt=-pass-through=-lc] ==> ignore
    arg [-plugin-opt=-pass-through=-lgcc] ==> ignore
    arg [-plugin-opt=-pass-through=-lgcc_s] ==> ignore
    arg [--build-id] ==> ignore
    arg [--eh-frame-hdr] ==> ignore
    arg [--hash-style=gnu] ==> ignore
    arg [-m] ==> ignore
    arg [elf_x86_64] ==> ignore
    arg [-dynamic-linker] ==> ignore
    arg [/lib64/ld-linux-x86-64.so.2] ==> ignore
    arg [-pie] ==> ignore
    arg [-o] ==> ignore
    arg [cmTC_bf231] ==> ignore
    arg [/usr/lib/gcc/x86_64-pc-linux-gnu/12.2.0/../../../../lib/Scrt1.o] ==> obj [/usr/lib/gcc/x86_64-pc-linux-gnu/12.2.0/../../../../lib/Scrt1.o]
    arg [/usr/lib/gcc/x86_64-pc-linux-gnu/12.2.0/../../../../lib/crti.o] ==> obj [/usr/lib/gcc/x86_64-pc-linux-gnu/12.2.0/../../../../lib/crti.o]
    arg [/usr/lib/gcc/x86_64-pc-linux-gnu/12.2.0/crtbeginS.o] ==> obj [/usr/lib/gcc/x86_64-pc-linux-gnu/12.2.0/crtbeginS.o]
    arg [-L/usr/lib/gcc/x86_64-pc-linux-gnu/12.2.0] ==> dir [/usr/lib/gcc/x86_64-pc-linux-gnu/12.2.0]
    arg [-L/usr/lib/gcc/x86_64-pc-linux-gnu/12.2.0/../../../../lib] ==> dir [/usr/lib/gcc/x86_64-pc-linux-gnu/12.2.0/../../../../lib]
    arg [-L/lib/../lib] ==> dir [/lib/../lib]
    arg [-L/usr/lib/../lib] ==> dir [/usr/lib/../lib]
    arg [-L/usr/lib/gcc/x86_64-pc-linux-gnu/12.2.0/../../..] ==> dir [/usr/lib/gcc/x86_64-pc-linux-gnu/12.2.0/../../..]
    arg [CMakeFiles/cmTC_bf231.dir/CMakeCCompilerABI.c.o] ==> ignore
    arg [-lgcc] ==> lib [gcc]
    arg [--push-state] ==> ignore
    arg [--as-needed] ==> ignore
    arg [-lgcc_s] ==> lib [gcc_s]
    arg [--pop-state] ==> ignore
    arg [-lc] ==> lib [c]
    arg [-lgcc] ==> lib [gcc]
    arg [--push-state] ==> ignore
    arg [--as-needed] ==> ignore
    arg [-lgcc_s] ==> lib [gcc_s]
    arg [--pop-state] ==> ignore
    arg [/usr/lib/gcc/x86_64-pc-linux-gnu/12.2.0/crtendS.o] ==> obj [/usr/lib/gcc/x86_64-pc-linux-gnu/12.2.0/crtendS.o]
    arg [/usr/lib/gcc/x86_64-pc-linux-gnu/12.2.0/../../../../lib/crtn.o] ==> obj [/usr/lib/gcc/x86_64-pc-linux-gnu/12.2.0/../../../../lib/crtn.o]
  collapse obj [/usr/lib/gcc/x86_64-pc-linux-gnu/12.2.0/../../../../lib/Scrt1.o] ==> [/usr/lib/Scrt1.o]
  collapse obj [/usr/lib/gcc/x86_64-pc-linux-gnu/12.2.0/../../../../lib/crti.o] ==> [/usr/lib/crti.o]
  collapse obj [/usr/lib/gcc/x86_64-pc-linux-gnu/12.2.0/../../../../lib/crtn.o] ==> [/usr/lib/crtn.o]
  collapse library dir [/usr/lib/gcc/x86_64-pc-linux-gnu/12.2.0] ==> [/usr/lib/gcc/x86_64-pc-linux-gnu/12.2.0]
  collapse library dir [/usr/lib/gcc/x86_64-pc-linux-gnu/12.2.0/../../../../lib] ==> [/usr/lib]
  collapse library dir [/lib/../lib] ==> [/lib]
  collapse library dir [/usr/lib/../lib] ==> [/usr/lib]
  collapse library dir [/usr/lib/gcc/x86_64-pc-linux-gnu/12.2.0/../../..] ==> [/usr/lib]
  implicit libs: [gcc;gcc_s;c;gcc;gcc_s]
  implicit objs: [/usr/lib/Scrt1.o;/usr/lib/crti.o;/usr/lib/gcc/x86_64-pc-linux-gnu/12.2.0/crtbeginS.o;/usr/lib/gcc/x86_64-pc-linux-gnu/12.2.0/crtendS.o;/usr/lib/crtn.o]
  implicit dirs: [/usr/lib/gcc/x86_64-pc-linux-gnu/12.2.0;/usr/lib;/lib]
  implicit fwks: []


Performing C SOURCE FILE Test CMAKE_HAVE_LIBC_PTHREAD succeeded with the following output:
Change Dir: /home/mustafa/mii-labs/target/debug/build/glfw-sys-eeb4b8080bb58d09/out/build/CMakeFiles/CMakeScratch/TryCompile-WnPPrS

Run Build Command(s):/usr/bin/make -f Makefile cmTC_cde36/fast && /usr/bin/make  -f CMakeFiles/cmTC_cde36.dir/build.make CMakeFiles/cmTC_cde36.dir/build
make[1]: Entering directory '/home/mustafa/mii-labs/target/debug/build/glfw-sys-eeb4b8080bb58d09/out/build/CMakeFiles/CMakeScratch/TryCompile-WnPPrS'
Building C object CMakeFiles/cmTC_cde36.dir/src.c.o
/usr/bin/cc -DCMAKE_HAVE_LIBC_PTHREAD  -ffunction-sections -fdata-sections -fPIC -m64  -o CMakeFiles/cmTC_cde36.dir/src.c.o -c /home/mustafa/mii-labs/target/debug/build/glfw-sys-eeb4b8080bb58d09/out/build/CMakeFiles/CMakeScratch/TryCompile-WnPPrS/src.c
Linking C executable cmTC_cde36
/usr/bin/cmake -E cmake_link_script CMakeFiles/cmTC_cde36.dir/link.txt --verbose=1
/usr/bin/cc  -ffunction-sections -fdata-sections -fPIC -m64  CMakeFiles/cmTC_cde36.dir/src.c.o -o cmTC_cde36 
make[1]: Leaving directory '/home/mustafa/mii-labs/target/debug/build/glfw-sys-eeb4b8080bb58d09/out/build/CMakeFiles/CMakeScratch/TryCompile-WnPPrS'


Source file was:
#include <pthread.h>

static void* test_func(void* data)
{
  return data;
}

int main(void)
{
  pthread_t thread;
  pthread_create(&thread, NULL, test_func, NULL);
  pthread_detach(thread);
  pthread_cancel(thread);
  pthread_join(thread, NULL);
  pthread_atfork(NULL, NULL, NULL);
  pthread_exit(NULL);

  return 0;
}


Determining if the function XOpenDisplay exists in the /usr/lib/libX11.so;/usr/lib/libXext.so passed with the following output:
Change Dir: /home/mustafa/mii-labs/target/debug/build/glfw-sys-eeb4b8080bb58d09/out/build/CMakeFiles/CMakeScratch/TryCompile-zwmT6c

Run Build Command(s):/usr/bin/make -f Makefile cmTC_e3f80/fast && /usr/bin/make  -f CMakeFiles/cmTC_e3f80.dir/build.make CMakeFiles/cmTC_e3f80.dir/build
make[1]: Entering directory '/home/mustafa/mii-labs/target/debug/build/glfw-sys-eeb4b8080bb58d09/out/build/CMakeFiles/CMakeScratch/TryCompile-zwmT6c'
Building C object CMakeFiles/cmTC_e3f80.dir/CheckFunctionExists.c.o
/usr/bin/cc   -ffunction-sections -fdata-sections -fPIC -m64 -DCHECK_FUNCTION_EXISTS=XOpenDisplay -o CMakeFiles/cmTC_e3f80.dir/CheckFunctionExists.c.o -c /home/mustafa/mii-labs/target/debug/build/glfw-sys-eeb4b8080bb58d09/out/build/CMakeFiles/CMakeScratch/TryCompile-zwmT6c/CheckFunctionExists.c
Linking C executable cmTC_e3f80
/usr/bin/cmake -E cmake_link_script CMakeFiles/cmTC_e3f80.dir/link.txt --verbose=1
/usr/bin/cc  -ffunction-sections -fdata-sections -fPIC -m64 -DCHECK_FUNCTION_EXISTS=XOpenDisplay CMakeFiles/cmTC_e3f80.dir/CheckFunctionExists.c.o -o cmTC_e3f80  /usr/lib/libX11.so /usr/lib/libXext.so 
make[1]: Leaving directory '/home/mustafa/mii-labs/target/debug/build/glfw-sys-eeb4b8080bb58d09/out/build/CMakeFiles/CMakeScratch/TryCompile-zwmT6c'



Determining if the function gethostbyname exists passed with the following output:
Change Dir: /home/mustafa/mii-labs/target/debug/build/glfw-sys-eeb4b8080bb58d09/out/build/CMakeFiles/CMakeScratch/TryCompile-BylASu

Run Build Command(s):/usr/bin/make -f Makefile cmTC_f457f/fast && /usr/bin/make  -f CMakeFiles/cmTC_f457f.dir/build.make CMakeFiles/cmTC_f457f.dir/build
make[1]: Entering directory '/home/mustafa/mii-labs/target/debug/build/glfw-sys-eeb4b8080bb58d09/out/build/CMakeFiles/CMakeScratch/TryCompile-BylASu'
Building C object CMakeFiles/cmTC_f457f.dir/CheckFunctionExists.c.o
/usr/bin/cc   -ffunction-sections -fdata-sections -fPIC -m64 -DCHECK_FUNCTION_EXISTS=gethostbyname -o CMakeFiles/cmTC_f457f.dir/CheckFunctionExists.c.o -c /home/mustafa/mii-labs/target/debug/build/glfw-sys-eeb4b8080bb58d09/out/build/CMakeFiles/CMakeScratch/TryCompile-BylASu/CheckFunctionExists.c
Linking C executable cmTC_f457f
/usr/bin/cmake -E cmake_link_script CMakeFiles/cmTC_f457f.dir/link.txt --verbose=1
/usr/bin/cc  -ffunction-sections -fdata-sections -fPIC -m64 -DCHECK_FUNCTION_EXISTS=gethostbyname CMakeFiles/cmTC_f457f.dir/CheckFunctionExists.c.o -o cmTC_f457f 
make[1]: Leaving directory '/home/mustafa/mii-labs/target/debug/build/glfw-sys-eeb4b8080bb58d09/out/build/CMakeFiles/CMakeScratch/TryCompile-BylASu'



Determining if the function connect exists passed with the following output:
Change Dir: /home/mustafa/mii-labs/target/debug/build/glfw-sys-eeb4b8080bb58d09/out/build/CMakeFiles/CMakeScratch/TryCompile-DkfCwD

Run Build Command(s):/usr/bin/make -f Makefile cmTC_82edf/fast && /usr/bin/make  -f CMakeFiles/cmTC_82edf.dir/build.make CMakeFiles/cmTC_82edf.dir/build
make[1]: Entering directory '/home/mustafa/mii-labs/target/debug/build/glfw-sys-eeb4b8080bb58d09/out/build/CMakeFiles/CMakeScratch/TryCompile-DkfCwD'
Building C object CMakeFiles/cmTC_82edf.dir/CheckFunctionExists.c.o
/usr/bin/cc   -ffunction-sections -fdata-sections -fPIC -m64 -DCHECK_FUNCTION_EXISTS=connect -o CMakeFiles/cmTC_82edf.dir/CheckFunctionExists.c.o -c /home/mustafa/mii-labs/target/debug/build/glfw-sys-eeb4b8080bb58d09/out/build/CMakeFiles/CMakeScratch/TryCompile-DkfCwD/CheckFunctionExists.c
Linking C executable cmTC_82edf
/usr/bin/cmake -E cmake_link_script CMakeFiles/cmTC_82edf.dir/link.txt --verbose=1
/usr/bin/cc  -ffunction-sections -fdata-sections -fPIC -m64 -DCHECK_FUNCTION_EXISTS=connect CMakeFiles/cmTC_82edf.dir/CheckFunctionExists.c.o -o cmTC_82edf 
make[1]: Leaving directory '/home/mustafa/mii-labs/target/debug/build/glfw-sys-eeb4b8080bb58d09/out/build/CMakeFiles/CMakeScratch/TryCompile-DkfCwD'



Determining if the function remove exists passed with the following output:
Change Dir: /home/mustafa/mii-labs/target/debug/build/glfw-sys-eeb4b8080bb58d09/out/build/CMakeFiles/CMakeScratch/TryCompile-Ajf1ca

Run Build Command(s):/usr/bin/make -f Makefile cmTC_8c316/fast && /usr/bin/make  -f CMakeFiles/cmTC_8c316.dir/build.make CMakeFiles/cmTC_8c316.dir/build
make[1]: Entering directory '/home/mustafa/mii-labs/target/debug/build/glfw-sys-eeb4b8080bb58d09/out/build/CMakeFiles/CMakeScratch/TryCompile-Ajf1ca'
Building C object CMakeFiles/cmTC_8c316.dir/CheckFunctionExists.c.o
/usr/bin/cc   -ffunction-sections -fdata-sections -fPIC -m64 -DCHECK_FUNCTION_EXISTS=remove -o CMakeFiles/cmTC_8c316.dir/CheckFunctionExists.c.o -c /home/mustafa/mii-labs/target/debug/build/glfw-sys-eeb4b8080bb58d09/out/build/CMakeFiles/CMakeScratch/TryCompile-Ajf1ca/CheckFunctionExists.c
Linking C executable cmTC_8c316
/usr/bin/cmake -E cmake_link_script CMakeFiles/cmTC_8c316.dir/link.txt --verbose=1
/usr/bin/cc  -ffunction-sections -fdata-sections -fPIC -m64 -DCHECK_FUNCTION_EXISTS=remove CMakeFiles/cmTC_8c316.dir/CheckFunctionExists.c.o -o cmTC_8c316 
make[1]: Leaving directory '/home/mustafa/mii-labs/target/debug/build/glfw-sys-eeb4b8080bb58d09/out/build/CMakeFiles/CMakeScratch/TryCompile-Ajf1ca'



Determining if the function shmat exists passed with the following output:
Change Dir: /home/mustafa/mii-labs/target/debug/build/glfw-sys-eeb4b8080bb58d09/out/build/CMakeFiles/CMakeScratch/TryCompile-7D1GP4

Run Build Command(s):/usr/bin/make -f Makefile cmTC_f29ee/fast && /usr/bin/make  -f CMakeFiles/cmTC_f29ee.dir/build.make CMakeFiles/cmTC_f29ee.dir/build
make[1]: Entering directory '/home/mustafa/mii-labs/target/debug/build/glfw-sys-eeb4b8080bb58d09/out/build/CMakeFiles/CMakeScratch/TryCompile-7D1GP4'
Building C object CMakeFiles/cmTC_f29ee.dir/CheckFunctionExists.c.o
/usr/bin/cc   -ffunction-sections -fdata-sections -fPIC -m64 -DCHECK_FUNCTION_EXISTS=shmat -o CMakeFiles/cmTC_f29ee.dir/CheckFunctionExists.c.o -c /home/mustafa/mii-labs/target/debug/build/glfw-sys-eeb4b8080bb58d09/out/build/CMakeFiles/CMakeScratch/TryCompile-7D1GP4/CheckFunctionExists.c
Linking C executable cmTC_f29ee
/usr/bin/cmake -E cmake_link_script CMakeFiles/cmTC_f29ee.dir/link.txt --verbose=1
/usr/bin/cc  -ffunction-sections -fdata-sections -fPIC -m64 -DCHECK_FUNCTION_EXISTS=shmat CMakeFiles/cmTC_f29ee.dir/CheckFunctionExists.c.o -o cmTC_f29ee 
make[1]: Leaving directory '/home/mustafa/mii-labs/target/debug/build/glfw-sys-eeb4b8080bb58d09/out/build/CMakeFiles/CMakeScratch/TryCompile-7D1GP4'



Determining if the function IceConnectionNumber exists in the ICE passed with the following output:
Change Dir: /home/mustafa/mii-labs/target/debug/build/glfw-sys-eeb4b8080bb58d09/out/build/CMakeFiles/CMakeScratch/TryCompile-LxkeaD

Run Build Command(s):/usr/bin/make -f Makefile cmTC_958c1/fast && /usr/bin/make  -f CMakeFiles/cmTC_958c1.dir/build.make CMakeFiles/cmTC_958c1.dir/build
make[1]: Entering directory '/home/mustafa/mii-labs/target/debug/build/glfw-sys-eeb4b8080bb58d09/out/build/CMakeFiles/CMakeScratch/TryCompile-LxkeaD'
Building C object CMakeFiles/cmTC_958c1.dir/CheckFunctionExists.c.o
/usr/bin/cc   -ffunction-sections -fdata-sections -fPIC -m64 -DCHECK_FUNCTION_EXISTS=IceConnectionNumber -o CMakeFiles/cmTC_958c1.dir/CheckFunctionExists.c.o -c /home/mustafa/mii-labs/target/debug/build/glfw-sys-eeb4b8080bb58d09/out/build/CMakeFiles/CMakeScratch/TryCompile-LxkeaD/CheckFunctionExists.c
Linking C executable cmTC_958c1
/usr/bin/cmake -E cmake_link_script CMakeFiles/cmTC_958c1.dir/link.txt --verbose=1
/usr/bin/cc  -ffunction-sections -fdata-sections -fPIC -m64 -DCHECK_FUNCTION_EXISTS=IceConnectionNumber CMakeFiles/cmTC_958c1.dir/CheckFunctionExists.c.o -o cmTC_958c1  -lICE 
make[1]: Leaving directory '/home/mustafa/mii-labs/target/debug/build/glfw-sys-eeb4b8080bb58d09/out/build/CMakeFiles/CMakeScratch/TryCompile-LxkeaD'



